# JRE version: OpenJDK Runtime Environment Temurin-17.0.3+7 (17.0.3+7) (build 17.0.3+7)
# Java VM: OpenJDK 64-Bit Server VM Temurin-17.0.3+7 (17.0.3+7, mixed mode, emulated-client, tiered, compressed oops, compressed class ptrs, g1 gc, windows-amd64)
GC Precious Log:
 CPUs: 8 total, 8 available
 Memory: 16283M
 Large Page Support: Disabled
 NUMA Support: Disabled
 Compressed Oops: Enabled (Zero based)
 Heap Region Size: 2M
 Heap Min Capacity: 8M
 Heap Initial Capacity: 256M
 Heap Max Capacity: 4072M
 Pre-touch: Disabled
 Parallel Workers: 8
 Concurrent Workers: 2
 Concurrent Refinement Workers: 8
 Periodic GC: Disabled
Heap:
 garbage-first heap   total 90112K, used 34804K [0x0000000701800000, 0x0000000800000000)
  region size 2048K, 3 young (6144K), 0 survivors (0K)
 Metaspace       used 78967K, committed 79616K, reserved 1122304K
  class space    used 10192K, committed 10496K, reserved 1048576K
GC Heap History (20 events):
Event: 41525.054 GC heap before
{Heap before GC invocations=189 (full 71):
 garbage-first heap   total 90112K, used 32904K [0x0000000701800000, 0x0000000800000000)
  region size 2048K, 2 young (4096K), 0 survivors (0K)
 Metaspace       used 78946K, committed 79616K, reserved 1122304K
  class space    used 10190K, committed 10496K, reserved 1048576K
}
Event: 41525.136 GC heap after
{Heap after GC invocations=190 (full 72):
 garbage-first heap   total 90112K, used 30936K [0x0000000701800000, 0x0000000800000000)
  region size 2048K, 0 young (0K), 0 survivors (0K)
 Metaspace       used 78946K, committed 79616K, reserved 1122304K
  class space    used 10190K, committed 10496K, reserved 1048576K
}
Event: 41525.140 GC heap before
{Heap before GC invocations=190 (full 72):
 garbage-first heap   total 90112K, used 30936K [0x0000000701800000, 0x0000000800000000)
  region size 2048K, 1 young (2048K), 0 survivors (0K)
 Metaspace       used 78946K, committed 79616K, reserved 1122304K
  class space    used 10190K, committed 10496K, reserved 1048576K
}
Event: 41525.197 GC heap after
{Heap after GC invocations=191 (full 73):
 garbage-first heap   total 90112K, used 30833K [0x0000000701800000, 0x0000000800000000)
  region size 2048K, 0 young (0K), 0 survivors (0K)
 Metaspace       used 78946K, committed 79616K, reserved 1122304K
  class space    used 10190K, committed 10496K, reserved 1048576K
}
Event: 41525.484 GC heap before
{Heap before GC invocations=191 (full 73):
 garbage-first heap   total 90112K, used 30833K [0x0000000701800000, 0x0000000800000000)
  region size 2048K, 1 young (2048K), 0 survivors (0K)
 Metaspace       used 78946K, committed 79616K, reserved 1122304K
  class space    used 10190K, committed 10496K, reserved 1048576K
}
Event: 41525.544 GC heap after
{Heap after GC invocations=192 (full 74):
 garbage-first heap   total 90112K, used 30898K [0x0000000701800000, 0x0000000800000000)
  region size 2048K, 0 young (0K), 0 survivors (0K)
 Metaspace       used 78946K, committed 79616K, reserved 1122304K
  class space    used 10190K, committed 10496K, reserved 1048576K
}
Event: 41525.549 GC heap before
{Heap before GC invocations=192 (full 74):
 garbage-first heap   total 90112K, used 30898K [0x0000000701800000, 0x0000000800000000)
  region size 2048K, 1 young (2048K), 0 survivors (0K)
 Metaspace       used 78946K, committed 79616K, reserved 1122304K
  class space    used 10190K, committed 10496K, reserved 1048576K
}
Event: 41525.613 GC heap after
{Heap after GC invocations=193 (full 75):
 garbage-first heap   total 90112K, used 30754K [0x0000000701800000, 0x0000000800000000)
  region size 2048K, 0 young (0K), 0 survivors (0K)
 Metaspace       used 78946K, committed 79616K, reserved 1122304K
  class space    used 10190K, committed 10496K, reserved 1048576K
}
Event: 41525.711 GC heap before
{Heap before GC invocations=193 (full 75):
 garbage-first heap   total 90112K, used 30754K [0x0000000701800000, 0x0000000800000000)
  region size 2048K, 1 young (2048K), 0 survivors (0K)
 Metaspace       used 78946K, committed 79616K, reserved 1122304K
  class space    used 10190K, committed 10496K, reserved 1048576K
}
Event: 41525.777 GC heap after
{Heap after GC invocations=194 (full 76):
 garbage-first heap   total 90112K, used 30803K [0x0000000701800000, 0x0000000800000000)
  region size 2048K, 0 young (0K), 0 survivors (0K)
 Metaspace       used 78946K, committed 79616K, reserved 1122304K
  class space    used 10190K, committed 10496K, reserved 1048576K
}
Event: 41525.781 GC heap before
{Heap before GC invocations=194 (full 76):
 garbage-first heap   total 90112K, used 30803K [0x0000000701800000, 0x0000000800000000)
  region size 2048K, 1 young (2048K), 0 survivors (0K)
 Metaspace       used 78946K, committed 79616K, reserved 1122304K
  class space    used 10190K, committed 10496K, reserved 1048576K
}
Event: 41525.838 GC heap after
{Heap after GC invocations=195 (full 77):
 garbage-first heap   total 90112K, used 30754K [0x0000000701800000, 0x0000000800000000)
  region size 2048K, 0 young (0K), 0 survivors (0K)
 Metaspace       used 78946K, committed 79616K, reserved 1122304K
  class space    used 10190K, committed 10496K, reserved 1048576K
}
Event: 41526.267 GC heap before
{Heap before GC invocations=195 (full 77):
 garbage-first heap   total 90112K, used 32802K [0x0000000701800000, 0x0000000800000000)
  region size 2048K, 2 young (4096K), 0 survivors (0K)
 Metaspace       used 78949K, committed 79616K, reserved 1122304K
  class space    used 10191K, committed 10496K, reserved 1048576K
}
Event: 41526.326 GC heap after
{Heap after GC invocations=196 (full 78):
 garbage-first heap   total 90112K, used 30738K [0x0000000701800000, 0x0000000800000000)
  region size 2048K, 0 young (0K), 0 survivors (0K)
 Metaspace       used 78949K, committed 79616K, reserved 1122304K
  class space    used 10191K, committed 10496K, reserved 1048576K
}
Event: 41526.330 GC heap before
{Heap before GC invocations=196 (full 78):
 garbage-first heap   total 90112K, used 30738K [0x0000000701800000, 0x0000000800000000)
  region size 2048K, 1 young (2048K), 0 survivors (0K)
 Metaspace       used 78949K, committed 79616K, reserved 1122304K
  class space    used 10191K, committed 10496K, reserved 1048576K
}
Event: 41526.393 GC heap after
{Heap after GC invocations=197 (full 79):
 garbage-first heap   total 90112K, used 30689K [0x0000000701800000, 0x0000000800000000)
  region size 2048K, 0 young (0K), 0 survivors (0K)
 Metaspace       used 78949K, committed 79616K, reserved 1122304K
  class space    used 10191K, committed 10496K, reserved 1048576K
}
Event: 41527.233 GC heap before
{Heap before GC invocations=197 (full 79):
 garbage-first heap   total 90112K, used 32737K [0x0000000701800000, 0x0000000800000000)
  region size 2048K, 2 young (4096K), 0 survivors (0K)
 Metaspace       used 78955K, committed 79616K, reserved 1122304K
  class space    used 10192K, committed 10496K, reserved 1048576K
}
Event: 41527.300 GC heap after
{Heap after GC invocations=198 (full 80):
 garbage-first heap   total 90112K, used 30768K [0x0000000701800000, 0x0000000800000000)
  region size 2048K, 0 young (0K), 0 survivors (0K)
 Metaspace       used 78955K, committed 79616K, reserved 1122304K
  class space    used 10192K, committed 10496K, reserved 1048576K
}
Event: 41527.304 GC heap before
{Heap before GC invocations=198 (full 80):
 garbage-first heap   total 90112K, used 30768K [0x0000000701800000, 0x0000000800000000)
  region size 2048K, 1 young (2048K), 0 survivors (0K)
 Metaspace       used 78955K, committed 79616K, reserved 1122304K
  class space    used 10192K, committed 10496K, reserved 1048576K
}
Event: 41527.368 GC heap after
{Heap after GC invocations=199 (full 81):
 garbage-first heap   total 90112K, used 30708K [0x0000000701800000, 0x0000000800000000)
  region size 2048K, 0 young (0K), 0 survivors (0K)
 Metaspace       used 78955K, committed 79616K, reserved 1122304K
  class space    used 10192K, committed 10496K, reserved 1048576K
}

