# JRE version: OpenJDK Runtime Environment Temurin-17.0.3+7 (17.0.3+7) (build 17.0.3+7)
# Java VM: OpenJDK 64-Bit Server VM Temurin-17.0.3+7 (17.0.3+7, mixed mode, emulated-client, tiered, compressed oops, compressed class ptrs, g1 gc, windows-amd64)
GC Precious Log:
 CPUs: 8 total, 8 available
 Memory: 16283M
 Large Page Support: Disabled
 NUMA Support: Disabled
 Compressed Oops: Enabled (Zero based)
 Heap Region Size: 2M
 Heap Min Capacity: 8M
 Heap Initial Capacity: 256M
 Heap Max Capacity: 4072M
 Pre-touch: Disabled
 Parallel Workers: 8
 Concurrent Workers: 2
 Concurrent Refinement Workers: 8
 Periodic GC: Disabled
Heap:
 garbage-first heap   total 98304K, used 56696K [0x0000000701800000, 0x0000000800000000)
  region size 2048K, 15 young (30720K), 2 survivors (4096K)
 Metaspace       used 76235K, committed 76736K, reserved 1122304K
  class space    used 9952K, committed 10176K, reserved 1048576K
GC Heap History (20 events):
Event: 308.784 GC heap before
{Heap before GC invocations=40 (full 17):
 garbage-first heap   total 81920K, used 65624K [0x0000000701800000, 0x0000000800000000)
  region size 2048K, 21 young (43008K), 0 survivors (0K)
 Metaspace       used 74195K, committed 74624K, reserved 1114112K
  class space    used 9753K, committed 9920K, reserved 1048576K
}
Event: 308.788 GC heap after
{Heap after GC invocations=41 (full 17):
 garbage-first heap   total 81920K, used 26304K [0x0000000701800000, 0x0000000800000000)
  region size 2048K, 2 young (4096K), 2 survivors (4096K)
 Metaspace       used 74195K, committed 74624K, reserved 1114112K
  class space    used 9753K, committed 9920K, reserved 1048576K
}
Event: 309.002 GC heap before
{Heap before GC invocations=41 (full 17):
 garbage-first heap   total 81920K, used 65216K [0x0000000701800000, 0x0000000800000000)
  region size 2048K, 21 young (43008K), 2 survivors (4096K)
 Metaspace       used 74347K, committed 74816K, reserved 1114112K
  class space    used 9766K, committed 9984K, reserved 1048576K
}
Event: 309.006 GC heap after
{Heap after GC invocations=42 (full 17):
 garbage-first heap   total 81920K, used 28183K [0x0000000701800000, 0x0000000800000000)
  region size 2048K, 1 young (2048K), 1 survivors (2048K)
 Metaspace       used 74347K, committed 74816K, reserved 1114112K
  class space    used 9766K, committed 9984K, reserved 1048576K
}
Event: 309.264 GC heap before
{Heap before GC invocations=42 (full 17):
 garbage-first heap   total 81920K, used 65047K [0x0000000701800000, 0x0000000800000000)
  region size 2048K, 19 young (38912K), 1 survivors (2048K)
 Metaspace       used 74628K, committed 75072K, reserved 1114112K
  class space    used 9788K, committed 9984K, reserved 1048576K
}
Event: 309.267 GC heap after
{Heap after GC invocations=43 (full 17):
 garbage-first heap   total 81920K, used 30094K [0x0000000701800000, 0x0000000800000000)
  region size 2048K, 2 young (4096K), 2 survivors (4096K)
 Metaspace       used 74628K, committed 75072K, reserved 1114112K
  class space    used 9788K, committed 9984K, reserved 1048576K
}
Event: 309.608 GC heap before
{Heap before GC invocations=43 (full 17):
 garbage-first heap   total 81920K, used 64910K [0x0000000701800000, 0x0000000800000000)
  region size 2048K, 19 young (38912K), 2 survivors (4096K)
 Metaspace       used 74988K, committed 75456K, reserved 1122304K
  class space    used 9826K, committed 10048K, reserved 1048576K
}
Event: 309.612 GC heap after
{Heap after GC invocations=44 (full 17):
 garbage-first heap   total 81920K, used 32294K [0x0000000701800000, 0x0000000800000000)
  region size 2048K, 3 young (6144K), 3 survivors (6144K)
 Metaspace       used 74988K, committed 75456K, reserved 1122304K
  class space    used 9826K, committed 10048K, reserved 1048576K
}
Event: 311.021 GC heap before
{Heap before GC invocations=44 (full 17):
 garbage-first heap   total 81920K, used 36390K [0x0000000701800000, 0x0000000800000000)
  region size 2048K, 6 young (12288K), 3 survivors (6144K)
 Metaspace       used 74991K, committed 75456K, reserved 1122304K
  class space    used 9826K, committed 10048K, reserved 1048576K
}
Event: 311.065 GC heap after
{Heap after GC invocations=45 (full 18):
 garbage-first heap   total 81920K, used 24348K [0x0000000701800000, 0x0000000800000000)
  region size 2048K, 0 young (0K), 0 survivors (0K)
 Metaspace       used 74975K, committed 75456K, reserved 1122304K
  class space    used 9824K, committed 10048K, reserved 1048576K
}
Event: 311.492 GC heap before
{Heap before GC invocations=45 (full 18):
 garbage-first heap   total 81920K, used 59164K [0x0000000701800000, 0x0000000800000000)
  region size 2048K, 18 young (36864K), 0 survivors (0K)
 Metaspace       used 75229K, committed 75712K, reserved 1122304K
  class space    used 9854K, committed 10048K, reserved 1048576K
}
Event: 311.494 GC heap after
{Heap after GC invocations=46 (full 18):
 garbage-first heap   total 81920K, used 27136K [0x0000000701800000, 0x0000000800000000)
  region size 2048K, 2 young (4096K), 2 survivors (4096K)
 Metaspace       used 75229K, committed 75712K, reserved 1122304K
  class space    used 9854K, committed 10048K, reserved 1048576K
}
Event: 311.767 GC heap before
{Heap before GC invocations=46 (full 18):
 garbage-first heap   total 81920K, used 59904K [0x0000000701800000, 0x0000000800000000)
  region size 2048K, 18 young (36864K), 2 survivors (4096K)
 Metaspace       used 75337K, committed 75776K, reserved 1122304K
  class space    used 9861K, committed 10048K, reserved 1048576K
}
Event: 311.770 GC heap after
{Heap after GC invocations=47 (full 18):
 garbage-first heap   total 81920K, used 28352K [0x0000000701800000, 0x0000000800000000)
  region size 2048K, 2 young (4096K), 2 survivors (4096K)
 Metaspace       used 75337K, committed 75776K, reserved 1122304K
  class space    used 9861K, committed 10048K, reserved 1048576K
}
Event: 311.962 GC heap before
{Heap before GC invocations=47 (full 18):
 garbage-first heap   total 81920K, used 61120K [0x0000000701800000, 0x0000000800000000)
  region size 2048K, 18 young (36864K), 2 survivors (4096K)
 Metaspace       used 75582K, committed 76096K, reserved 1122304K
  class space    used 9879K, committed 10112K, reserved 1048576K
}
Event: 311.965 GC heap after
{Heap after GC invocations=48 (full 18):
 garbage-first heap   total 81920K, used 30163K [0x0000000701800000, 0x0000000800000000)
  region size 2048K, 2 young (4096K), 2 survivors (4096K)
 Metaspace       used 75582K, committed 76096K, reserved 1122304K
  class space    used 9879K, committed 10112K, reserved 1048576K
}
Event: 312.171 GC heap before
{Heap before GC invocations=48 (full 18):
 garbage-first heap   total 81920K, used 60883K [0x0000000701800000, 0x0000000800000000)
  region size 2048K, 17 young (34816K), 2 survivors (4096K)
 Metaspace       used 75781K, committed 76352K, reserved 1122304K
  class space    used 9901K, committed 10176K, reserved 1048576K
}
Event: 312.175 GC heap after
{Heap after GC invocations=49 (full 18):
 garbage-first heap   total 98304K, used 31424K [0x0000000701800000, 0x0000000800000000)
  region size 2048K, 3 young (6144K), 3 survivors (6144K)
 Metaspace       used 75781K, committed 76352K, reserved 1122304K
  class space    used 9901K, committed 10176K, reserved 1048576K
}
Event: 393.251 GC heap before
{Heap before GC invocations=49 (full 18):
 garbage-first heap   total 98304K, used 70336K [0x0000000701800000, 0x0000000800000000)
  region size 2048K, 23 young (47104K), 3 survivors (6144K)
 Metaspace       used 76230K, committed 76736K, reserved 1122304K
  class space    used 9952K, committed 10176K, reserved 1048576K
}
Event: 393.258 GC heap after
{Heap after GC invocations=50 (full 18):
 garbage-first heap   total 98304K, used 32120K [0x0000000701800000, 0x0000000800000000)
  region size 2048K, 2 young (4096K), 2 survivors (4096K)
 Metaspace       used 76230K, committed 76736K, reserved 1122304K
  class space    used 9952K, committed 10176K, reserved 1048576K
}

